# JRE version: OpenJDK Runtime Environment Temurin-21.0.7+6 (21.0.7+6) (build 21.0.7+6-LTS)
# Java VM: OpenJDK 64-Bit Server VM Temurin-21.0.7+6 (21.0.7+6-LTS, mixed mode, sharing, tiered, compressed oops, compressed class ptrs, parallel gc, windows-amd64)
GC Precious Log:
 CardTable entry size: 512
 CPUs: 8 total, 8 available
 Memory: 16225M
 Large Page Support: Disabled
 NUMA Support: Disabled
 Compressed Oops: Enabled (32-bit)
 Alignments: Space 512K, Generation 512K, Heap 2M
 Heap Min Capacity: 100M
 Heap Initial Capacity: 100M
 Heap Max Capacity: 2G
 Pre-touch: Disabled
 Parallel Workers: 8
Heap:
 PSYoungGen      total 3072K, used 543K [0x00000000d5580000, 0x00000000d5980000, 0x0000000100000000)
  eden space 2560K, 7% used [0x00000000d5580000,0x00000000d55afd68,0x00000000d5800000)
  from space 512K, 68% used [0x00000000d5880000,0x00000000d58d8000,0x00000000d5900000)
  to   space 512K, 0% used [0x00000000d5900000,0x00000000d5900000,0x00000000d5980000)
 ParOldGen       total 373248K, used 373019K [0x0000000080000000, 0x0000000096c80000, 0x00000000d5580000)
  object space 373248K, 99% used [0x0000000080000000,0x0000000096c46f88,0x0000000096c80000)
 Metaspace       used 51695K, committed 52864K, reserved 1114112K
  class space    used 5380K, committed 5888K, reserved 1048576K
GC Heap History (20 events):
Event: 22.242 GC heap before
{Heap before GC invocations=459 (full 3):
 PSYoungGen      total 3072K, used 3008K [0x00000000d5580000, 0x00000000d5a00000, 0x0000000100000000)
  eden space 2560K, 100% used [0x00000000d5580000,0x00000000d5800000,0x00000000d5800000)
  from space 512K, 87% used [0x00000000d5900000,0x00000000d5970020,0x00000000d5980000)
  to   space 512K, 0% used [0x00000000d5980000,0x00000000d5980000,0x00000000d5a00000)
 ParOldGen       total 363520K, used 363385K [0x0000000080000000, 0x0000000096300000, 0x00000000d5580000)
  object space 363520K, 99% used [0x0000000080000000,0x00000000962de410,0x0000000096300000)
 Metaspace       used 51687K, committed 52864K, reserved 1114112K
  class space    used 5380K, committed 5888K, reserved 1048576K
}
Event: 22.243 GC heap after
{Heap after GC invocations=459 (full 3):
 PSYoungGen      total 3072K, used 416K [0x00000000d5580000, 0x00000000d5a00000, 0x0000000100000000)
  eden space 2560K, 0% used [0x00000000d5580000,0x00000000d5580000,0x00000000d5800000)
  from space 512K, 81% used [0x00000000d5980000,0x00000000d59e8000,0x00000000d5a00000)
  to   space 512K, 0% used [0x00000000d5900000,0x00000000d5900000,0x00000000d5980000)
 ParOldGen       total 364032K, used 363665K [0x0000000080000000, 0x0000000096380000, 0x00000000d5580000)
  object space 364032K, 99% used [0x0000000080000000,0x0000000096324410,0x0000000096380000)
 Metaspace       used 51687K, committed 52864K, reserved 1114112K
  class space    used 5380K, committed 5888K, reserved 1048576K
}
Event: 22.255 GC heap before
{Heap before GC invocations=460 (full 3):
 PSYoungGen      total 3072K, used 2976K [0x00000000d5580000, 0x00000000d5a00000, 0x0000000100000000)
  eden space 2560K, 100% used [0x00000000d5580000,0x00000000d5800000,0x00000000d5800000)
  from space 512K, 81% used [0x00000000d5980000,0x00000000d59e8000,0x00000000d5a00000)
  to   space 512K, 0% used [0x00000000d5900000,0x00000000d5900000,0x00000000d5980000)
 ParOldGen       total 364032K, used 363665K [0x0000000080000000, 0x0000000096380000, 0x00000000d5580000)
  object space 364032K, 99% used [0x0000000080000000,0x0000000096324410,0x0000000096380000)
 Metaspace       used 51687K, committed 52864K, reserved 1114112K
  class space    used 5380K, committed 5888K, reserved 1048576K
}
Event: 22.257 GC heap after
{Heap after GC invocations=460 (full 3):
 PSYoungGen      total 3072K, used 352K [0x00000000d5580000, 0x00000000d5a00000, 0x0000000100000000)
  eden space 2560K, 0% used [0x00000000d5580000,0x00000000d5580000,0x00000000d5800000)
  from space 512K, 68% used [0x00000000d5900000,0x00000000d5958000,0x00000000d5980000)
  to   space 512K, 0% used [0x00000000d5980000,0x00000000d5980000,0x00000000d5a00000)
 ParOldGen       total 364032K, used 363929K [0x0000000080000000, 0x0000000096380000, 0x00000000d5580000)
  object space 364032K, 99% used [0x0000000080000000,0x0000000096366410,0x0000000096380000)
 Metaspace       used 51687K, committed 52864K, reserved 1114112K
  class space    used 5380K, committed 5888K, reserved 1048576K
}
Event: 22.273 GC heap before
{Heap before GC invocations=461 (full 3):
 PSYoungGen      total 3072K, used 2912K [0x00000000d5580000, 0x00000000d5a00000, 0x0000000100000000)
  eden space 2560K, 100% used [0x00000000d5580000,0x00000000d5800000,0x00000000d5800000)
  from space 512K, 68% used [0x00000000d5900000,0x00000000d5958000,0x00000000d5980000)
  to   space 512K, 0% used [0x00000000d5980000,0x00000000d5980000,0x00000000d5a00000)
 ParOldGen       total 364032K, used 363929K [0x0000000080000000, 0x0000000096380000, 0x00000000d5580000)
  object space 364032K, 99% used [0x0000000080000000,0x0000000096366410,0x0000000096380000)
 Metaspace       used 51687K, committed 52864K, reserved 1114112K
  class space    used 5380K, committed 5888K, reserved 1048576K
}
Event: 22.275 GC heap after
{Heap after GC invocations=461 (full 3):
 PSYoungGen      total 3072K, used 504K [0x00000000d5580000, 0x00000000d5a00000, 0x0000000100000000)
  eden space 2560K, 0% used [0x00000000d5580000,0x00000000d5580000,0x00000000d5800000)
  from space 512K, 98% used [0x00000000d5980000,0x00000000d59fe008,0x00000000d5a00000)
  to   space 1024K, 0% used [0x00000000d5800000,0x00000000d5800000,0x00000000d5900000)
 ParOldGen       total 364544K, used 364209K [0x0000000080000000, 0x0000000096400000, 0x00000000d5580000)
  object space 364544K, 99% used [0x0000000080000000,0x00000000963ac410,0x0000000096400000)
 Metaspace       used 51687K, committed 52864K, reserved 1114112K
  class space    used 5380K, committed 5888K, reserved 1048576K
}
Event: 22.291 GC heap before
{Heap before GC invocations=462 (full 3):
 PSYoungGen      total 3072K, used 3063K [0x00000000d5580000, 0x00000000d5a00000, 0x0000000100000000)
  eden space 2560K, 99% used [0x00000000d5580000,0x00000000d57fffe0,0x00000000d5800000)
  from space 512K, 98% used [0x00000000d5980000,0x00000000d59fe008,0x00000000d5a00000)
  to   space 1024K, 0% used [0x00000000d5800000,0x00000000d5800000,0x00000000d5900000)
 ParOldGen       total 364544K, used 364209K [0x0000000080000000, 0x0000000096400000, 0x00000000d5580000)
  object space 364544K, 99% used [0x0000000080000000,0x00000000963ac410,0x0000000096400000)
 Metaspace       used 51687K, committed 52864K, reserved 1114112K
  class space    used 5380K, committed 5888K, reserved 1048576K
}
Event: 22.293 GC heap after
{Heap after GC invocations=462 (full 3):
 PSYoungGen      total 3584K, used 976K [0x00000000d5580000, 0x00000000d5b00000, 0x0000000100000000)
  eden space 2560K, 0% used [0x00000000d5580000,0x00000000d5580000,0x00000000d5800000)
  from space 1024K, 95% used [0x00000000d5800000,0x00000000d58f4000,0x00000000d5900000)
  to   space 1536K, 0% used [0x00000000d5980000,0x00000000d5980000,0x00000000d5b00000)
 ParOldGen       total 365056K, used 364657K [0x0000000080000000, 0x0000000096480000, 0x00000000d5580000)
  object space 365056K, 99% used [0x0000000080000000,0x000000009641c418,0x0000000096480000)
 Metaspace       used 51687K, committed 52864K, reserved 1114112K
  class space    used 5380K, committed 5888K, reserved 1048576K
}
Event: 22.351 GC heap before
{Heap before GC invocations=463 (full 3):
 PSYoungGen      total 3584K, used 3536K [0x00000000d5580000, 0x00000000d5b00000, 0x0000000100000000)
  eden space 2560K, 100% used [0x00000000d5580000,0x00000000d5800000,0x00000000d5800000)
  from space 1024K, 95% used [0x00000000d5800000,0x00000000d58f4000,0x00000000d5900000)
  to   space 1536K, 0% used [0x00000000d5980000,0x00000000d5980000,0x00000000d5b00000)
 ParOldGen       total 365056K, used 364657K [0x0000000080000000, 0x0000000096480000, 0x00000000d5580000)
  object space 365056K, 99% used [0x0000000080000000,0x000000009641c418,0x0000000096480000)
 Metaspace       used 51687K, committed 52864K, reserved 1114112K
  class space    used 5380K, committed 5888K, reserved 1048576K
}
Event: 22.353 GC heap after
{Heap after GC invocations=463 (full 3):
 PSYoungGen      total 4096K, used 1067K [0x00000000d5580000, 0x00000000d5b00000, 0x0000000100000000)
  eden space 2560K, 0% used [0x00000000d5580000,0x00000000d5580000,0x00000000d5800000)
  from space 1536K, 69% used [0x00000000d5980000,0x00000000d5a8ad00,0x00000000d5b00000)
  to   space 1536K, 0% used [0x00000000d5800000,0x00000000d5800000,0x00000000d5980000)
 ParOldGen       total 365056K, used 364825K [0x0000000080000000, 0x0000000096480000, 0x00000000d5580000)
  object space 365056K, 99% used [0x0000000080000000,0x0000000096446418,0x0000000096480000)
 Metaspace       used 51687K, committed 52864K, reserved 1114112K
  class space    used 5380K, committed 5888K, reserved 1048576K
}
Event: 22.364 GC heap before
{Heap before GC invocations=464 (full 3):
 PSYoungGen      total 4096K, used 3627K [0x00000000d5580000, 0x00000000d5b00000, 0x0000000100000000)
  eden space 2560K, 100% used [0x00000000d5580000,0x00000000d5800000,0x00000000d5800000)
  from space 1536K, 69% used [0x00000000d5980000,0x00000000d5a8ad00,0x00000000d5b00000)
  to   space 1536K, 0% used [0x00000000d5800000,0x00000000d5800000,0x00000000d5980000)
 ParOldGen       total 365056K, used 364825K [0x0000000080000000, 0x0000000096480000, 0x00000000d5580000)
  object space 365056K, 99% used [0x0000000080000000,0x0000000096446418,0x0000000096480000)
 Metaspace       used 51687K, committed 52864K, reserved 1114112K
  class space    used 5380K, committed 5888K, reserved 1048576K
}
Event: 22.365 GC heap after
{Heap after GC invocations=464 (full 3):
 PSYoungGen      total 3072K, used 480K [0x00000000d5580000, 0x00000000d5a00000, 0x0000000100000000)
  eden space 2560K, 0% used [0x00000000d5580000,0x00000000d5580000,0x00000000d5800000)
  from space 512K, 93% used [0x00000000d5800000,0x00000000d5878000,0x00000000d5880000)
  to   space 1024K, 0% used [0x00000000d5900000,0x00000000d5900000,0x00000000d5a00000)
 ParOldGen       total 366080K, used 365817K [0x0000000080000000, 0x0000000096580000, 0x00000000d5580000)
  object space 366080K, 99% used [0x0000000080000000,0x000000009653e560,0x0000000096580000)
 Metaspace       used 51687K, committed 52864K, reserved 1114112K
  class space    used 5380K, committed 5888K, reserved 1048576K
}
Event: 22.375 GC heap before
{Heap before GC invocations=465 (full 3):
 PSYoungGen      total 3072K, used 3040K [0x00000000d5580000, 0x00000000d5a00000, 0x0000000100000000)
  eden space 2560K, 100% used [0x00000000d5580000,0x00000000d5800000,0x00000000d5800000)
  from space 512K, 93% used [0x00000000d5800000,0x00000000d5878000,0x00000000d5880000)
  to   space 1024K, 0% used [0x00000000d5900000,0x00000000d5900000,0x00000000d5a00000)
 ParOldGen       total 366080K, used 365817K [0x0000000080000000, 0x0000000096580000, 0x00000000d5580000)
  object space 366080K, 99% used [0x0000000080000000,0x000000009653e560,0x0000000096580000)
 Metaspace       used 51687K, committed 52864K, reserved 1114112K
  class space    used 5380K, committed 5888K, reserved 1048576K
}
Event: 22.377 GC heap after
{Heap after GC invocations=465 (full 3):
 PSYoungGen      total 3072K, used 416K [0x00000000d5580000, 0x00000000d5980000, 0x0000000100000000)
  eden space 2560K, 0% used [0x00000000d5580000,0x00000000d5580000,0x00000000d5800000)
  from space 512K, 81% used [0x00000000d5900000,0x00000000d5968000,0x00000000d5980000)
  to   space 512K, 0% used [0x00000000d5800000,0x00000000d5800000,0x00000000d5880000)
 ParOldGen       total 366592K, used 366198K [0x0000000080000000, 0x0000000096600000, 0x00000000d5580000)
  object space 366592K, 99% used [0x0000000080000000,0x000000009659db68,0x0000000096600000)
 Metaspace       used 51687K, committed 52864K, reserved 1114112K
  class space    used 5380K, committed 5888K, reserved 1048576K
}
Event: 22.387 GC heap before
{Heap before GC invocations=466 (full 3):
 PSYoungGen      total 3072K, used 2976K [0x00000000d5580000, 0x00000000d5980000, 0x0000000100000000)
  eden space 2560K, 100% used [0x00000000d5580000,0x00000000d5800000,0x00000000d5800000)
  from space 512K, 81% used [0x00000000d5900000,0x00000000d5968000,0x00000000d5980000)
  to   space 512K, 0% used [0x00000000d5800000,0x00000000d5800000,0x00000000d5880000)
 ParOldGen       total 366592K, used 366198K [0x0000000080000000, 0x0000000096600000, 0x00000000d5580000)
  object space 366592K, 99% used [0x0000000080000000,0x000000009659db68,0x0000000096600000)
 Metaspace       used 51687K, committed 52864K, reserved 1114112K
  class space    used 5380K, committed 5888K, reserved 1048576K
}
Event: 22.388 GC heap after
{Heap after GC invocations=466 (full 3):
 PSYoungGen      total 3072K, used 507K [0x00000000d5580000, 0x00000000d5a00000, 0x0000000100000000)
  eden space 2560K, 0% used [0x00000000d5580000,0x00000000d5580000,0x00000000d5800000)
  from space 512K, 99% used [0x00000000d5800000,0x00000000d587ec08,0x00000000d5880000)
  to   space 1024K, 0% used [0x00000000d5900000,0x00000000d5900000,0x00000000d5a00000)
 ParOldGen       total 366592K, used 366550K [0x0000000080000000, 0x0000000096600000, 0x00000000d5580000)
  object space 366592K, 99% used [0x0000000080000000,0x00000000965f5b68,0x0000000096600000)
 Metaspace       used 51687K, committed 52864K, reserved 1114112K
  class space    used 5380K, committed 5888K, reserved 1048576K
}
Event: 22.401 GC heap before
{Heap before GC invocations=467 (full 3):
 PSYoungGen      total 3072K, used 3067K [0x00000000d5580000, 0x00000000d5a00000, 0x0000000100000000)
  eden space 2560K, 100% used [0x00000000d5580000,0x00000000d5800000,0x00000000d5800000)
  from space 512K, 99% used [0x00000000d5800000,0x00000000d587ec08,0x00000000d5880000)
  to   space 1024K, 0% used [0x00000000d5900000,0x00000000d5900000,0x00000000d5a00000)
 ParOldGen       total 366592K, used 366550K [0x0000000080000000, 0x0000000096600000, 0x00000000d5580000)
  object space 366592K, 99% used [0x0000000080000000,0x00000000965f5b68,0x0000000096600000)
 Metaspace       used 51688K, committed 52864K, reserved 1114112K
  class space    used 5380K, committed 5888K, reserved 1048576K
}
Event: 22.403 GC heap after
{Heap after GC invocations=467 (full 3):
 PSYoungGen      total 3584K, used 416K [0x00000000d5580000, 0x00000000d5a00000, 0x0000000100000000)
  eden space 2560K, 0% used [0x00000000d5580000,0x00000000d5580000,0x00000000d5800000)
  from space 1024K, 40% used [0x00000000d5900000,0x00000000d5968000,0x00000000d5a00000)
  to   space 1024K, 0% used [0x00000000d5800000,0x00000000d5800000,0x00000000d5900000)
 ParOldGen       total 367104K, used 367001K [0x0000000080000000, 0x0000000096680000, 0x00000000d5580000)
  object space 367104K, 99% used [0x0000000080000000,0x0000000096666770,0x0000000096680000)
 Metaspace       used 51688K, committed 52864K, reserved 1114112K
  class space    used 5380K, committed 5888K, reserved 1048576K
}
Event: 22.415 GC heap before
{Heap before GC invocations=468 (full 3):
 PSYoungGen      total 3584K, used 2976K [0x00000000d5580000, 0x00000000d5a00000, 0x0000000100000000)
  eden space 2560K, 100% used [0x00000000d5580000,0x00000000d5800000,0x00000000d5800000)
  from space 1024K, 40% used [0x00000000d5900000,0x00000000d5968000,0x00000000d5a00000)
  to   space 1024K, 0% used [0x00000000d5800000,0x00000000d5800000,0x00000000d5900000)
 ParOldGen       total 367104K, used 367001K [0x0000000080000000, 0x0000000096680000, 0x00000000d5580000)
  object space 367104K, 99% used [0x0000000080000000,0x0000000096666770,0x0000000096680000)
 Metaspace       used 51688K, committed 52864K, reserved 1114112K
  class space    used 5380K, committed 5888K, reserved 1048576K
}
Event: 22.417 GC heap after
{Heap after GC invocations=468 (full 3):
 PSYoungGen      total 3584K, used 502K [0x00000000d5580000, 0x00000000d5a00000, 0x0000000100000000)
  eden space 2560K, 0% used [0x00000000d5580000,0x00000000d5580000,0x00000000d5800000)
  from space 1024K, 49% used [0x00000000d5800000,0x00000000d587d808,0x00000000d5900000)
  to   space 1024K, 0% used [0x00000000d5900000,0x00000000d5900000,0x00000000d5a00000)
 ParOldGen       total 367616K, used 367329K [0x0000000080000000, 0x0000000096700000, 0x00000000d5580000)
  object space 367616K, 99% used [0x0000000080000000,0x00000000966b8770,0x0000000096700000)
 Metaspace       used 51688K, committed 52864K, reserved 1114112K
  class space    used 5380K, committed 5888K, reserved 1048576K
}

